<?xml version="1.0" encoding="UTF-8"?>
<!-- Generated by org.testng.reporters.JUnitReportReporter -->
<testsuite skipped="0" hostname="DESKTOP-99BJJHQ" name="org.fb.FbLogin" tests="1" failures="0" timestamp="14 Jan 2024 14:50:41 GMT" time="13.597" errors="0">
  <testcase name="tc1" time="13.597" classname="org.fb.FbLogin"/>
</testsuite> <!-- org.fb.FbLogin -->
