<?xml version="1.0" encoding="UTF-8"?>
<!-- Generated by org.testng.reporters.JUnitReportReporter -->
<testsuite skipped="0" hostname="DESKTOP-99BJJHQ" name="org.fb.FbLogin" tests="1" failures="0" timestamp="13 Jan 2024 15:11:10 GMT" time="24.687" errors="0">
  <testcase name="tc1" time="24.687" classname="org.fb.FbLogin"/>
</testsuite> <!-- org.fb.FbLogin -->
